<?xml version="1.0" encoding="UTF-8"?>
<!-- Generated by org.testng.reporters.JUnitXMLReporter -->
<testsuite hostname="L00092560" ignored="2" name="FunctionalTesting" tests="4" failures="1" timestamp="08 Oct 2019 11:25:43 GMT" time="119.086" errors="0">
  <testcase name="CreatingAndRegisteringAccount" time="33.373" classname="com.elabelz.qa.testcases.RegistrationPageTest">
    <failure type="java.lang.AssertionError" message="User already registered. Register with someother email address !!!">
      <![CDATA[java.lang.AssertionError: User already registered. Register with someother email address !!!
	at com.elabelz.qa.testcases.RegistrationPageTest.CreatingAndRegisteringAccount(RegistrationPageTest.java:54)
... Removed 26 stack frames]]>
    </failure>
  </testcase> <!-- CreatingAndRegisteringAccount -->
  <testcase name="loginTest" time="5.886" classname="com.elabelz.qa.testcases.LoginPageTest"/>
  <testcase name="verifyHomePageTitleTest" time="0.018" classname="com.elabelz.qa.testcases.HomePageTest"/>
  <testcase name="addProductToCart" time="35.79" classname="com.elabelz.qa.testcases.HomePageTest"/>
  <testcase name="@AfterTest teardown" time="0.0" classname="com.elabelz.qa.base.TestBase">
    <ignored/>
  </testcase> <!-- @AfterTest teardown -->
  <testcase name="@AfterTest teardown" time="0.0" classname="com.elabelz.qa.base.TestBase">
    <ignored/>
  </testcase> <!-- @AfterTest teardown -->
</testsuite> <!-- FunctionalTesting -->
